

Started GET "/" for 127.0.0.1 at 2017-08-20 19:19:12 -0400

Gem::LoadError (Specified 'sqlite3' for database adapter, but the gem is not loaded. Add `gem 'sqlite3'` to your Gemfile.):
  activerecord (4.0.8) lib/active_record/connection_adapters/connection_specification.rb:58:in `rescue in resolve_hash_connection'
  activerecord (4.0.8) lib/active_record/connection_adapters/connection_specification.rb:55:in `resolve_hash_connection'
  activerecord (4.0.8) lib/active_record/connection_adapters/connection_specification.rb:46:in `resolve_string_connection'
  activerecord (4.0.8) lib/active_record/connection_adapters/connection_specification.rb:30:in `spec'
  activerecord (4.0.8) lib/active_record/connection_handling.rb:39:in `establish_connection'
  activerecord (4.0.8) lib/active_record/railtie.rb:176:in `block (2 levels) in <class:Railtie>'
  activesupport (4.0.8) lib/active_support/lazy_load_hooks.rb:38:in `instance_eval'
  activesupport (4.0.8) lib/active_support/lazy_load_hooks.rb:38:in `execute_hook'
  activesupport (4.0.8) lib/active_support/lazy_load_hooks.rb:45:in `block in run_load_hooks'
  activesupport (4.0.8) lib/active_support/lazy_load_hooks.rb:44:in `each'
  activesupport (4.0.8) lib/active_support/lazy_load_hooks.rb:44:in `run_load_hooks'
  activerecord (4.0.8) lib/active_record/base.rb:322:in `<module:ActiveRecord>'
  activerecord (4.0.8) lib/active_record/base.rb:22:in `<top (required)>'
  activerecord (4.0.8) lib/active_record/query_cache.rb:50:in `restore_query_cache_settings'
  activerecord (4.0.8) lib/active_record/query_cache.rb:43:in `rescue in call'
  activerecord (4.0.8) lib/active_record/query_cache.rb:32:in `call'
  activerecord (4.0.8) lib/active_record/connection_adapters/abstract/connection_pool.rb:626:in `call'
  activerecord (4.0.8) lib/active_record/migration.rb:373:in `call'
  actionpack (4.0.8) lib/action_dispatch/middleware/callbacks.rb:29:in `block in call'
  activesupport (4.0.8) lib/active_support/callbacks.rb:373:in `_run__1065969380144701069__call__callbacks'
  activesupport (4.0.8) lib/active_support/callbacks.rb:80:in `run_callbacks'
  actionpack (4.0.8) lib/action_dispatch/middleware/callbacks.rb:27:in `call'
  actionpack (4.0.8) lib/action_dispatch/middleware/reloader.rb:64:in `call'
  actionpack (4.0.8) lib/action_dispatch/middleware/remote_ip.rb:76:in `call'
  actionpack (4.0.8) lib/action_dispatch/middleware/debug_exceptions.rb:17:in `call'
  actionpack (4.0.8) lib/action_dispatch/middleware/show_exceptions.rb:30:in `call'
  railties (4.0.8) lib/rails/rack/logger.rb:38:in `call_app'
  railties (4.0.8) lib/rails/rack/logger.rb:20:in `block in call'
  activesupport (4.0.8) lib/active_support/tagged_logging.rb:68:in `block in tagged'
  activesupport (4.0.8) lib/active_support/tagged_logging.rb:26:in `tagged'
  activesupport (4.0.8) lib/active_support/tagged_logging.rb:68:in `tagged'
  railties (4.0.8) lib/rails/rack/logger.rb:20:in `call'
  actionpack (4.0.8) lib/action_dispatch/middleware/request_id.rb:21:in `call'
  rack (1.5.5) lib/rack/methodoverride.rb:21:in `call'
  rack (1.5.5) lib/rack/runtime.rb:17:in `call'
  activesupport (4.0.8) lib/active_support/cache/strategy/local_cache.rb:83:in `call'
  rack (1.5.5) lib/rack/lock.rb:17:in `call'
  actionpack (4.0.8) lib/action_dispatch/middleware/static.rb:64:in `call'
  rack (1.5.5) lib/rack/sendfile.rb:112:in `call'
  railties (4.0.8) lib/rails/engine.rb:511:in `call'
  railties (4.0.8) lib/rails/application.rb:97:in `call'
  rack (1.5.5) lib/rack/lock.rb:17:in `call'
  rack (1.5.5) lib/rack/content_length.rb:14:in `call'
  rack (1.5.5) lib/rack/handler/webrick.rb:60:in `service'
  /Users/jamesboyle/.rvm/rubies/ruby-2.0.0-p648/lib/ruby/2.0.0/webrick/httpserver.rb:138:in `service'
  /Users/jamesboyle/.rvm/rubies/ruby-2.0.0-p648/lib/ruby/2.0.0/webrick/httpserver.rb:94:in `run'
  /Users/jamesboyle/.rvm/rubies/ruby-2.0.0-p648/lib/ruby/2.0.0/webrick/server.rb:295:in `block in start_thread'


  Rendered /Users/jamesboyle/.rvm/gems/ruby-2.0.0-p648@railstutorial_rails_4_0/gems/actionpack-4.0.8/lib/action_dispatch/middleware/templates/rescues/_source.erb (0.5ms)
  Rendered /Users/jamesboyle/.rvm/gems/ruby-2.0.0-p648@railstutorial_rails_4_0/gems/actionpack-4.0.8/lib/action_dispatch/middleware/templates/rescues/_trace.erb (1.1ms)
  Rendered /Users/jamesboyle/.rvm/gems/ruby-2.0.0-p648@railstutorial_rails_4_0/gems/actionpack-4.0.8/lib/action_dispatch/middleware/templates/rescues/_request_and_response.erb (0.9ms)
  Rendered /Users/jamesboyle/.rvm/gems/ruby-2.0.0-p648@railstutorial_rails_4_0/gems/actionpack-4.0.8/lib/action_dispatch/middleware/templates/rescues/diagnostics.erb within rescues/layout (21.2ms)


Started GET "/" for 127.0.0.1 at 2017-08-20 19:21:50 -0400

PG::Error (FATAL:  database "sample_app_development" does not exist
):
  activerecord (4.0.8) lib/active_record/connection_adapters/postgresql_adapter.rb:855:in `initialize'
  activerecord (4.0.8) lib/active_record/connection_adapters/postgresql_adapter.rb:855:in `new'
  activerecord (4.0.8) lib/active_record/connection_adapters/postgresql_adapter.rb:855:in `connect'
  activerecord (4.0.8) lib/active_record/connection_adapters/postgresql_adapter.rb:556:in `initialize'
  activerecord (4.0.8) lib/active_record/connection_adapters/postgresql_adapter.rb:41:in `new'
  activerecord (4.0.8) lib/active_record/connection_adapters/postgresql_adapter.rb:41:in `postgresql_connection'
  activerecord (4.0.8) lib/active_record/connection_adapters/abstract/connection_pool.rb:440:in `new_connection'
  activerecord (4.0.8) lib/active_record/connection_adapters/abstract/connection_pool.rb:450:in `checkout_new_connection'
  activerecord (4.0.8) lib/active_record/connection_adapters/abstract/connection_pool.rb:421:in `acquire_connection'
  activerecord (4.0.8) lib/active_record/connection_adapters/abstract/connection_pool.rb:356:in `block in checkout'
  /Users/jamesboyle/.rvm/rubies/ruby-2.0.0-p648/lib/ruby/2.0.0/monitor.rb:211:in `mon_synchronize'
  activerecord (4.0.8) lib/active_record/connection_adapters/abstract/connection_pool.rb:355:in `checkout'
  activerecord (4.0.8) lib/active_record/connection_adapters/abstract/connection_pool.rb:265:in `block in connection'
  /Users/jamesboyle/.rvm/rubies/ruby-2.0.0-p648/lib/ruby/2.0.0/monitor.rb:211:in `mon_synchronize'
  activerecord (4.0.8) lib/active_record/connection_adapters/abstract/connection_pool.rb:264:in `connection'
  activerecord (4.0.8) lib/active_record/connection_adapters/abstract/connection_pool.rb:546:in `retrieve_connection'
  activerecord (4.0.8) lib/active_record/connection_handling.rb:79:in `retrieve_connection'
  activerecord (4.0.8) lib/active_record/connection_handling.rb:53:in `connection'
  activerecord (4.0.8) lib/active_record/query_cache.rb:51:in `restore_query_cache_settings'
  activerecord (4.0.8) lib/active_record/query_cache.rb:43:in `rescue in call'
  activerecord (4.0.8) lib/active_record/query_cache.rb:32:in `call'
  activerecord (4.0.8) lib/active_record/connection_adapters/abstract/connection_pool.rb:626:in `call'
  activerecord (4.0.8) lib/active_record/migration.rb:373:in `call'
  actionpack (4.0.8) lib/action_dispatch/middleware/callbacks.rb:29:in `block in call'
  activesupport (4.0.8) lib/active_support/callbacks.rb:373:in `_run__179216471863292485__call__callbacks'
  activesupport (4.0.8) lib/active_support/callbacks.rb:80:in `run_callbacks'
  actionpack (4.0.8) lib/action_dispatch/middleware/callbacks.rb:27:in `call'
  actionpack (4.0.8) lib/action_dispatch/middleware/reloader.rb:64:in `call'
  actionpack (4.0.8) lib/action_dispatch/middleware/remote_ip.rb:76:in `call'
  actionpack (4.0.8) lib/action_dispatch/middleware/debug_exceptions.rb:17:in `call'
  actionpack (4.0.8) lib/action_dispatch/middleware/show_exceptions.rb:30:in `call'
  railties (4.0.8) lib/rails/rack/logger.rb:38:in `call_app'
  railties (4.0.8) lib/rails/rack/logger.rb:20:in `block in call'
  activesupport (4.0.8) lib/active_support/tagged_logging.rb:68:in `block in tagged'
  activesupport (4.0.8) lib/active_support/tagged_logging.rb:26:in `tagged'
  activesupport (4.0.8) lib/active_support/tagged_logging.rb:68:in `tagged'
  railties (4.0.8) lib/rails/rack/logger.rb:20:in `call'
  actionpack (4.0.8) lib/action_dispatch/middleware/request_id.rb:21:in `call'
  rack (1.5.5) lib/rack/methodoverride.rb:21:in `call'
  rack (1.5.5) lib/rack/runtime.rb:17:in `call'
  activesupport (4.0.8) lib/active_support/cache/strategy/local_cache.rb:83:in `call'
  rack (1.5.5) lib/rack/lock.rb:17:in `call'
  actionpack (4.0.8) lib/action_dispatch/middleware/static.rb:64:in `call'
  rack (1.5.5) lib/rack/sendfile.rb:112:in `call'
  railties (4.0.8) lib/rails/engine.rb:511:in `call'
  railties (4.0.8) lib/rails/application.rb:97:in `call'
  rack (1.5.5) lib/rack/lock.rb:17:in `call'
  rack (1.5.5) lib/rack/content_length.rb:14:in `call'
  rack (1.5.5) lib/rack/handler/webrick.rb:60:in `service'
  /Users/jamesboyle/.rvm/rubies/ruby-2.0.0-p648/lib/ruby/2.0.0/webrick/httpserver.rb:138:in `service'
  /Users/jamesboyle/.rvm/rubies/ruby-2.0.0-p648/lib/ruby/2.0.0/webrick/httpserver.rb:94:in `run'
  /Users/jamesboyle/.rvm/rubies/ruby-2.0.0-p648/lib/ruby/2.0.0/webrick/server.rb:295:in `block in start_thread'


  Rendered /Users/jamesboyle/.rvm/gems/ruby-2.0.0-p648@railstutorial_rails_4_0/gems/actionpack-4.0.8/lib/action_dispatch/middleware/templates/rescues/_source.erb (0.5ms)
  Rendered /Users/jamesboyle/.rvm/gems/ruby-2.0.0-p648@railstutorial_rails_4_0/gems/actionpack-4.0.8/lib/action_dispatch/middleware/templates/rescues/_trace.erb (0.8ms)
  Rendered /Users/jamesboyle/.rvm/gems/ruby-2.0.0-p648@railstutorial_rails_4_0/gems/actionpack-4.0.8/lib/action_dispatch/middleware/templates/rescues/_request_and_response.erb (0.6ms)
  Rendered /Users/jamesboyle/.rvm/gems/ruby-2.0.0-p648@railstutorial_rails_4_0/gems/actionpack-4.0.8/lib/action_dispatch/middleware/templates/rescues/diagnostics.erb within rescues/layout (12.8ms)


Started GET "/" for 127.0.0.1 at 2017-08-20 19:22:52 -0400
Processing by Rails::WelcomeController#index as HTML
  Rendered /Users/jamesboyle/.rvm/gems/ruby-2.0.0-p648@railstutorial_rails_4_0/gems/railties-4.0.8/lib/rails/templates/rails/welcome/index.html.erb (1.7ms)
Completed 200 OK in 9ms (Views: 8.3ms | ActiveRecord: 0.0ms)


Started GET "/home" for 127.0.0.1 at 2017-08-20 19:23:27 -0400

ActionController::RoutingError (No route matches [GET] "/home"):
  actionpack (4.0.8) lib/action_dispatch/middleware/debug_exceptions.rb:21:in `call'
  actionpack (4.0.8) lib/action_dispatch/middleware/show_exceptions.rb:30:in `call'
  railties (4.0.8) lib/rails/rack/logger.rb:38:in `call_app'
  railties (4.0.8) lib/rails/rack/logger.rb:20:in `block in call'
  activesupport (4.0.8) lib/active_support/tagged_logging.rb:68:in `block in tagged'
  activesupport (4.0.8) lib/active_support/tagged_logging.rb:26:in `tagged'
  activesupport (4.0.8) lib/active_support/tagged_logging.rb:68:in `tagged'
  railties (4.0.8) lib/rails/rack/logger.rb:20:in `call'
  actionpack (4.0.8) lib/action_dispatch/middleware/request_id.rb:21:in `call'
  rack (1.5.5) lib/rack/methodoverride.rb:21:in `call'
  rack (1.5.5) lib/rack/runtime.rb:17:in `call'
  activesupport (4.0.8) lib/active_support/cache/strategy/local_cache.rb:83:in `call'
  rack (1.5.5) lib/rack/lock.rb:17:in `call'
  actionpack (4.0.8) lib/action_dispatch/middleware/static.rb:64:in `call'
  rack (1.5.5) lib/rack/sendfile.rb:112:in `call'
  railties (4.0.8) lib/rails/engine.rb:511:in `call'
  railties (4.0.8) lib/rails/application.rb:97:in `call'
  rack (1.5.5) lib/rack/lock.rb:17:in `call'
  rack (1.5.5) lib/rack/content_length.rb:14:in `call'
  rack (1.5.5) lib/rack/handler/webrick.rb:60:in `service'
  /Users/jamesboyle/.rvm/rubies/ruby-2.0.0-p648/lib/ruby/2.0.0/webrick/httpserver.rb:138:in `service'
  /Users/jamesboyle/.rvm/rubies/ruby-2.0.0-p648/lib/ruby/2.0.0/webrick/httpserver.rb:94:in `run'
  /Users/jamesboyle/.rvm/rubies/ruby-2.0.0-p648/lib/ruby/2.0.0/webrick/server.rb:295:in `block in start_thread'


  Rendered /Users/jamesboyle/.rvm/gems/ruby-2.0.0-p648@railstutorial_rails_4_0/gems/actionpack-4.0.8/lib/action_dispatch/middleware/templates/rescues/_trace.erb (1.2ms)
  Rendered /Users/jamesboyle/.rvm/gems/ruby-2.0.0-p648@railstutorial_rails_4_0/gems/actionpack-4.0.8/lib/action_dispatch/middleware/templates/routes/_route.html.erb (1.0ms)
  Rendered /Users/jamesboyle/.rvm/gems/ruby-2.0.0-p648@railstutorial_rails_4_0/gems/actionpack-4.0.8/lib/action_dispatch/middleware/templates/routes/_table.html.erb (5.7ms)
  Rendered /Users/jamesboyle/.rvm/gems/ruby-2.0.0-p648@railstutorial_rails_4_0/gems/actionpack-4.0.8/lib/action_dispatch/middleware/templates/rescues/routing_error.erb within rescues/layout (27.4ms)


Started GET "/static_pages/home" for 127.0.0.1 at 2017-08-20 19:23:39 -0400

ActionController::RoutingError (No route matches [GET] "/static_pages/home"):
  actionpack (4.0.8) lib/action_dispatch/middleware/debug_exceptions.rb:21:in `call'
  actionpack (4.0.8) lib/action_dispatch/middleware/show_exceptions.rb:30:in `call'
  railties (4.0.8) lib/rails/rack/logger.rb:38:in `call_app'
  railties (4.0.8) lib/rails/rack/logger.rb:20:in `block in call'
  activesupport (4.0.8) lib/active_support/tagged_logging.rb:68:in `block in tagged'
  activesupport (4.0.8) lib/active_support/tagged_logging.rb:26:in `tagged'
  activesupport (4.0.8) lib/active_support/tagged_logging.rb:68:in `tagged'
  railties (4.0.8) lib/rails/rack/logger.rb:20:in `call'
  actionpack (4.0.8) lib/action_dispatch/middleware/request_id.rb:21:in `call'
  rack (1.5.5) lib/rack/methodoverride.rb:21:in `call'
  rack (1.5.5) lib/rack/runtime.rb:17:in `call'
  activesupport (4.0.8) lib/active_support/cache/strategy/local_cache.rb:83:in `call'
  rack (1.5.5) lib/rack/lock.rb:17:in `call'
  actionpack (4.0.8) lib/action_dispatch/middleware/static.rb:64:in `call'
  rack (1.5.5) lib/rack/sendfile.rb:112:in `call'
  railties (4.0.8) lib/rails/engine.rb:511:in `call'
  railties (4.0.8) lib/rails/application.rb:97:in `call'
  rack (1.5.5) lib/rack/lock.rb:17:in `call'
  rack (1.5.5) lib/rack/content_length.rb:14:in `call'
  rack (1.5.5) lib/rack/handler/webrick.rb:60:in `service'
  /Users/jamesboyle/.rvm/rubies/ruby-2.0.0-p648/lib/ruby/2.0.0/webrick/httpserver.rb:138:in `service'
  /Users/jamesboyle/.rvm/rubies/ruby-2.0.0-p648/lib/ruby/2.0.0/webrick/httpserver.rb:94:in `run'
  /Users/jamesboyle/.rvm/rubies/ruby-2.0.0-p648/lib/ruby/2.0.0/webrick/server.rb:295:in `block in start_thread'


  Rendered /Users/jamesboyle/.rvm/gems/ruby-2.0.0-p648@railstutorial_rails_4_0/gems/actionpack-4.0.8/lib/action_dispatch/middleware/templates/rescues/_trace.erb (0.7ms)
  Rendered /Users/jamesboyle/.rvm/gems/ruby-2.0.0-p648@railstutorial_rails_4_0/gems/actionpack-4.0.8/lib/action_dispatch/middleware/templates/routes/_route.html.erb (0.5ms)
  Rendered /Users/jamesboyle/.rvm/gems/ruby-2.0.0-p648@railstutorial_rails_4_0/gems/actionpack-4.0.8/lib/action_dispatch/middleware/templates/routes/_table.html.erb (0.9ms)
  Rendered /Users/jamesboyle/.rvm/gems/ruby-2.0.0-p648@railstutorial_rails_4_0/gems/actionpack-4.0.8/lib/action_dispatch/middleware/templates/rescues/routing_error.erb within rescues/layout (11.9ms)


Started GET "/staticpages/home" for 127.0.0.1 at 2017-08-20 19:24:08 -0400
Processing by StaticpagesController#home as HTML
  Rendered staticpages/home.html.erb within layouts/application (0.4ms)
Completed 200 OK in 871ms (Views: 869.9ms | ActiveRecord: 0.0ms)


Started GET "/assets/application.css?body=1" for 127.0.0.1 at 2017-08-20 19:24:09 -0400


Started GET "/assets/jquery_ujs.js?body=1" for 127.0.0.1 at 2017-08-20 19:24:09 -0400


Started GET "/assets/staticpages.css?body=1" for 127.0.0.1 at 2017-08-20 19:24:09 -0400


Started GET "/assets/jquery.js?body=1" for 127.0.0.1 at 2017-08-20 19:24:09 -0400


Started GET "/assets/turbolinks.js?body=1" for 127.0.0.1 at 2017-08-20 19:24:09 -0400


Started GET "/assets/staticpages.js?body=1" for 127.0.0.1 at 2017-08-20 19:24:09 -0400


Started GET "/assets/application.js?body=1" for 127.0.0.1 at 2017-08-20 19:24:09 -0400


Started GET "/staticpages/home" for 127.0.0.1 at 2017-08-20 19:24:37 -0400

ActionController::RoutingError (uninitialized constant StaticpagesController):
  activesupport (4.0.8) lib/active_support/inflector/methods.rb:226:in `const_get'
  activesupport (4.0.8) lib/active_support/inflector/methods.rb:226:in `block in constantize'
  activesupport (4.0.8) lib/active_support/inflector/methods.rb:224:in `each'
  activesupport (4.0.8) lib/active_support/inflector/methods.rb:224:in `inject'
  activesupport (4.0.8) lib/active_support/inflector/methods.rb:224:in `constantize'
  actionpack (4.0.8) lib/action_dispatch/routing/route_set.rb:78:in `controller_reference'
  actionpack (4.0.8) lib/action_dispatch/routing/route_set.rb:68:in `controller'
  actionpack (4.0.8) lib/action_dispatch/routing/route_set.rb:46:in `call'
  actionpack (4.0.8) lib/action_dispatch/journey/router.rb:71:in `block in call'
  actionpack (4.0.8) lib/action_dispatch/journey/router.rb:59:in `each'
  actionpack (4.0.8) lib/action_dispatch/journey/router.rb:59:in `call'
  actionpack (4.0.8) lib/action_dispatch/routing/route_set.rb:676:in `call'
  rack (1.5.5) lib/rack/etag.rb:23:in `call'
  rack (1.5.5) lib/rack/conditionalget.rb:25:in `call'
  rack (1.5.5) lib/rack/head.rb:11:in `call'
  actionpack (4.0.8) lib/action_dispatch/middleware/params_parser.rb:27:in `call'
  actionpack (4.0.8) lib/action_dispatch/middleware/flash.rb:241:in `call'
  rack (1.5.5) lib/rack/session/abstract/id.rb:225:in `context'
  rack (1.5.5) lib/rack/session/abstract/id.rb:220:in `call'
  actionpack (4.0.8) lib/action_dispatch/middleware/cookies.rb:486:in `call'
  activerecord (4.0.8) lib/active_record/query_cache.rb:36:in `call'
  activerecord (4.0.8) lib/active_record/connection_adapters/abstract/connection_pool.rb:626:in `call'
  activerecord (4.0.8) lib/active_record/migration.rb:373:in `call'
  actionpack (4.0.8) lib/action_dispatch/middleware/callbacks.rb:29:in `block in call'
  activesupport (4.0.8) lib/active_support/callbacks.rb:373:in `_run__1207477635425039343__call__callbacks'
  activesupport (4.0.8) lib/active_support/callbacks.rb:80:in `run_callbacks'
  actionpack (4.0.8) lib/action_dispatch/middleware/callbacks.rb:27:in `call'
  actionpack (4.0.8) lib/action_dispatch/middleware/reloader.rb:64:in `call'
  actionpack (4.0.8) lib/action_dispatch/middleware/remote_ip.rb:76:in `call'
  actionpack (4.0.8) lib/action_dispatch/middleware/debug_exceptions.rb:17:in `call'
  actionpack (4.0.8) lib/action_dispatch/middleware/show_exceptions.rb:30:in `call'
  railties (4.0.8) lib/rails/rack/logger.rb:38:in `call_app'
  railties (4.0.8) lib/rails/rack/logger.rb:20:in `block in call'
  activesupport (4.0.8) lib/active_support/tagged_logging.rb:68:in `block in tagged'
  activesupport (4.0.8) lib/active_support/tagged_logging.rb:26:in `tagged'
  activesupport (4.0.8) lib/active_support/tagged_logging.rb:68:in `tagged'
  railties (4.0.8) lib/rails/rack/logger.rb:20:in `call'
  actionpack (4.0.8) lib/action_dispatch/middleware/request_id.rb:21:in `call'
  rack (1.5.5) lib/rack/methodoverride.rb:21:in `call'
  rack (1.5.5) lib/rack/runtime.rb:17:in `call'
  activesupport (4.0.8) lib/active_support/cache/strategy/local_cache.rb:83:in `call'
  rack (1.5.5) lib/rack/lock.rb:17:in `call'
  actionpack (4.0.8) lib/action_dispatch/middleware/static.rb:64:in `call'
  rack (1.5.5) lib/rack/sendfile.rb:112:in `call'
  railties (4.0.8) lib/rails/engine.rb:511:in `call'
  railties (4.0.8) lib/rails/application.rb:97:in `call'
  rack (1.5.5) lib/rack/lock.rb:17:in `call'
  rack (1.5.5) lib/rack/content_length.rb:14:in `call'
  rack (1.5.5) lib/rack/handler/webrick.rb:60:in `service'
  /Users/jamesboyle/.rvm/rubies/ruby-2.0.0-p648/lib/ruby/2.0.0/webrick/httpserver.rb:138:in `service'
  /Users/jamesboyle/.rvm/rubies/ruby-2.0.0-p648/lib/ruby/2.0.0/webrick/httpserver.rb:94:in `run'
  /Users/jamesboyle/.rvm/rubies/ruby-2.0.0-p648/lib/ruby/2.0.0/webrick/server.rb:295:in `block in start_thread'


  Rendered /Users/jamesboyle/.rvm/gems/ruby-2.0.0-p648@railstutorial_rails_4_0/gems/actionpack-4.0.8/lib/action_dispatch/middleware/templates/rescues/_trace.erb (0.7ms)
  Rendered /Users/jamesboyle/.rvm/gems/ruby-2.0.0-p648@railstutorial_rails_4_0/gems/actionpack-4.0.8/lib/action_dispatch/middleware/templates/routes/_route.html.erb (0.6ms)
  Rendered /Users/jamesboyle/.rvm/gems/ruby-2.0.0-p648@railstutorial_rails_4_0/gems/actionpack-4.0.8/lib/action_dispatch/middleware/templates/routes/_table.html.erb (3.2ms)
  Rendered /Users/jamesboyle/.rvm/gems/ruby-2.0.0-p648@railstutorial_rails_4_0/gems/actionpack-4.0.8/lib/action_dispatch/middleware/templates/rescues/routing_error.erb within rescues/layout (17.5ms)


Started GET "/static_pages/home" for 127.0.0.1 at 2017-08-20 19:24:43 -0400
Processing by StaticPagesController#home as HTML
  Rendered static_pages/home.html.erb within layouts/application (0.3ms)
Completed 200 OK in 352ms (Views: 351.3ms | ActiveRecord: 0.0ms)


Started GET "/assets/application.css?body=1" for 127.0.0.1 at 2017-08-20 19:24:43 -0400


Started GET "/assets/static_pages.js?body=1" for 127.0.0.1 at 2017-08-20 19:24:43 -0400


Started GET "/assets/static_pages.css?body=1" for 127.0.0.1 at 2017-08-20 19:24:43 -0400


Started GET "/" for 127.0.0.1 at 2017-08-21 21:12:41 -0400
Processing by Rails::WelcomeController#index as HTML
  Rendered /Users/jamesboyle/.rvm/gems/ruby-2.0.0-p648@railstutorial_rails_4_0/gems/railties-4.0.8/lib/rails/templates/rails/welcome/index.html.erb (2.2ms)
Completed 200 OK in 13ms (Views: 12.4ms | ActiveRecord: 0.0ms)


Started GET "/static_pages/home" for 127.0.0.1 at 2017-08-21 21:12:47 -0400
Processing by StaticPagesController#home as HTML
  Rendered static_pages/home.html.erb within layouts/application (4.7ms)
Completed 200 OK in 94ms (Views: 92.7ms | ActiveRecord: 0.0ms)


Started GET "/assets/static_pages.css?body=1" for 127.0.0.1 at 2017-08-21 21:12:48 -0400


Started GET "/assets/jquery.js?body=1" for 127.0.0.1 at 2017-08-21 21:12:48 -0400


Started GET "/assets/application.css?body=1" for 127.0.0.1 at 2017-08-21 21:12:48 -0400


Started GET "/assets/jquery_ujs.js?body=1" for 127.0.0.1 at 2017-08-21 21:12:48 -0400


Started GET "/assets/turbolinks.js?body=1" for 127.0.0.1 at 2017-08-21 21:12:48 -0400


Started GET "/assets/static_pages.js?body=1" for 127.0.0.1 at 2017-08-21 21:12:48 -0400


Started GET "/assets/application.js?body=1" for 127.0.0.1 at 2017-08-21 21:12:48 -0400


Started GET "/assets/rails.png" for 127.0.0.1 at 2017-08-21 21:12:48 -0400


Started GET "/assets/rails.png" for 127.0.0.1 at 2017-08-21 21:12:48 -0400


Started GET "/static_pages/home" for 127.0.0.1 at 2017-08-21 21:17:20 -0400
Processing by StaticPagesController#home as HTML
  Rendered static_pages/home.html.erb within layouts/application (12.0ms)
Completed 200 OK in 106ms (Views: 104.2ms | ActiveRecord: 0.0ms)


Started GET "/assets/application.css?body=1" for 127.0.0.1 at 2017-08-21 21:17:20 -0400


Started GET "/assets/static_pages.css?body=1" for 127.0.0.1 at 2017-08-21 21:17:20 -0400


Started GET "/assets/jquery_ujs.js?body=1" for 127.0.0.1 at 2017-08-21 21:17:20 -0400


Started GET "/assets/jquery.js?body=1" for 127.0.0.1 at 2017-08-21 21:17:20 -0400


Started GET "/assets/turbolinks.js?body=1" for 127.0.0.1 at 2017-08-21 21:17:20 -0400


Started GET "/assets/static_pages.js?body=1" for 127.0.0.1 at 2017-08-21 21:17:20 -0400


Started GET "/assets/application.js?body=1" for 127.0.0.1 at 2017-08-21 21:17:20 -0400


Started GET "/assets/rails.png" for 127.0.0.1 at 2017-08-21 21:17:20 -0400


Started GET "/static_pages/home" for 127.0.0.1 at 2017-08-21 21:22:58 -0400
Processing by StaticPagesController#home as HTML
  Rendered static_pages/home.html.erb within layouts/application (3.5ms)
Completed 200 OK in 1769ms (Views: 1768.5ms | ActiveRecord: 0.0ms)


Started GET "/assets/application.css?body=1" for 127.0.0.1 at 2017-08-21 21:23:00 -0400


Started GET "/assets/custom.css?body=1" for 127.0.0.1 at 2017-08-21 21:23:00 -0400


Started GET "/assets/static_pages.css?body=1" for 127.0.0.1 at 2017-08-21 21:23:00 -0400


Started GET "/assets/rails.png" for 127.0.0.1 at 2017-08-21 21:23:00 -0400


Started GET "/static_pages/home" for 127.0.0.1 at 2017-08-21 21:25:05 -0400
Processing by StaticPagesController#home as HTML
  Rendered static_pages/home.html.erb within layouts/application (1.0ms)
Completed 200 OK in 776ms (Views: 774.9ms | ActiveRecord: 0.0ms)


Started GET "/assets/application.css?body=1" for 127.0.0.1 at 2017-08-21 21:25:06 -0400


Started GET "/assets/custom.css?body=1" for 127.0.0.1 at 2017-08-21 21:25:06 -0400


Started GET "/assets/static_pages.css?body=1" for 127.0.0.1 at 2017-08-21 21:25:06 -0400


Started GET "/assets/rails.png" for 127.0.0.1 at 2017-08-21 21:25:06 -0400


Started GET "/static_pages/home" for 127.0.0.1 at 2017-08-21 21:31:06 -0400
Processing by StaticPagesController#home as HTML
  Rendered static_pages/home.html.erb within layouts/application (0.3ms)
Completed 200 OK in 765ms (Views: 765.0ms | ActiveRecord: 0.0ms)


Started GET "/assets/custom.css?body=1" for 127.0.0.1 at 2017-08-21 21:31:06 -0400


Started GET "/assets/static_pages.css?body=1" for 127.0.0.1 at 2017-08-21 21:31:06 -0400


Started GET "/assets/application.css?body=1" for 127.0.0.1 at 2017-08-21 21:31:06 -0400


Started GET "/assets/rails.png" for 127.0.0.1 at 2017-08-21 21:31:06 -0400


Started GET "/static_pages/home" for 127.0.0.1 at 2017-08-21 21:37:03 -0400
Processing by StaticPagesController#home as HTML
  Rendered static_pages/home.html.erb within layouts/application (0.2ms)
  Rendered layouts/_shim.html.erb (0.5ms)
  Rendered layouts/_header.html.erb (0.7ms)
  Rendered layouts/_footer.html.erb (0.8ms)
Completed 200 OK in 742ms (Views: 741.5ms | ActiveRecord: 0.0ms)


Started GET "/assets/application.css?body=1" for 127.0.0.1 at 2017-08-21 21:37:04 -0400


Started GET "/assets/custom.css?body=1" for 127.0.0.1 at 2017-08-21 21:37:04 -0400


Started GET "/assets/static_pages.css?body=1" for 127.0.0.1 at 2017-08-21 21:37:04 -0400


Started GET "/assets/rails.png" for 127.0.0.1 at 2017-08-21 21:37:04 -0400


Started GET "/static_pages/home" for 127.0.0.1 at 2017-08-21 21:39:21 -0400
Processing by StaticPagesController#home as HTML
  Rendered static_pages/home.html.erb within layouts/application (0.6ms)
  Rendered layouts/_shim.html.erb (0.1ms)
  Rendered layouts/_header.html.erb (0.1ms)
  Rendered layouts/_footer.html.erb (0.1ms)
Completed 200 OK in 777ms (Views: 776.2ms | ActiveRecord: 0.0ms)


Started GET "/assets/application.css?body=1" for 127.0.0.1 at 2017-08-21 21:39:22 -0400


Started GET "/assets/custom.css?body=1" for 127.0.0.1 at 2017-08-21 21:39:22 -0400


Started GET "/assets/static_pages.css?body=1" for 127.0.0.1 at 2017-08-21 21:39:22 -0400


Started GET "/assets/rails.png" for 127.0.0.1 at 2017-08-21 21:39:22 -0400


Started GET "/static_pages/home" for 127.0.0.1 at 2017-08-21 21:40:14 -0400
Processing by StaticPagesController#home as HTML
  Rendered static_pages/home.html.erb within layouts/application (0.2ms)
  Rendered layouts/_shim.html.erb (0.0ms)
  Rendered layouts/_header.html.erb (0.1ms)
  Rendered layouts/_footer.html.erb (0.1ms)
Completed 200 OK in 602ms (Views: 602.1ms | ActiveRecord: 0.0ms)


Started GET "/assets/application.css?body=1" for 127.0.0.1 at 2017-08-21 21:40:14 -0400


Started GET "/assets/custom.css?body=1" for 127.0.0.1 at 2017-08-21 21:40:14 -0400


Started GET "/assets/static_pages.css?body=1" for 127.0.0.1 at 2017-08-21 21:40:14 -0400


Started GET "/assets/rails.png" for 127.0.0.1 at 2017-08-21 21:40:14 -0400


Started GET "/static_pages/home" for 127.0.0.1 at 2017-08-21 21:49:31 -0400
Processing by StaticPagesController#home as HTML
  Rendered static_pages/home.html.erb within layouts/application (0.3ms)
Completed 500 Internal Server Error in 23ms

ActionView::Template::Error (Invalid CSS after "		color #fff": expected "{", was ";"
  (in /Users/jamesboyle/Desktop/hartl/sample_app/app/assets/stylesheets/custom.css.scss:70)):
    2: <html>
    3: <head>
    4: <title><%= full_title(yield(:title)) %></title>
    5:   <%= stylesheet_link_tag    "application", media: "all", "data-turbolinks-track" => true %>
    6:   <%= javascript_include_tag "application", "data-turbolinks-track" => true %>
    7:   <%= csrf_meta_tags %>
    8:   <%= render 'layouts/shim' %>
  app/assets/stylesheets/custom.css.scss:70
  app/views/layouts/application.html.erb:5:in `_app_views_layouts_application_html_erb__2635248105152610419_70166957473280'


  Rendered /Users/jamesboyle/.rvm/gems/ruby-2.0.0-p648@railstutorial_rails_4_0/gems/actionpack-4.0.8/lib/action_dispatch/middleware/templates/rescues/_trace.erb (2.5ms)
  Rendered /Users/jamesboyle/.rvm/gems/ruby-2.0.0-p648@railstutorial_rails_4_0/gems/actionpack-4.0.8/lib/action_dispatch/middleware/templates/rescues/_request_and_response.erb (30.4ms)
  Rendered /Users/jamesboyle/.rvm/gems/ruby-2.0.0-p648@railstutorial_rails_4_0/gems/actionpack-4.0.8/lib/action_dispatch/middleware/templates/rescues/template_error.erb within rescues/layout (77.5ms)


Started GET "/static_pages/home" for 127.0.0.1 at 2017-08-21 21:50:18 -0400
Processing by StaticPagesController#home as HTML
  Rendered static_pages/home.html.erb within layouts/application (0.3ms)
  Rendered layouts/_shim.html.erb (0.1ms)
  Rendered layouts/_header.html.erb (0.2ms)
  Rendered layouts/_footer.html.erb (0.1ms)
Completed 200 OK in 779ms (Views: 778.8ms | ActiveRecord: 0.0ms)


Started GET "/assets/application.css?body=1" for 127.0.0.1 at 2017-08-21 21:50:19 -0400


Started GET "/assets/custom.css?body=1" for 127.0.0.1 at 2017-08-21 21:50:19 -0400


Started GET "/assets/turbolinks.js?body=1" for 127.0.0.1 at 2017-08-21 21:50:19 -0400


Started GET "/assets/static_pages.css?body=1" for 127.0.0.1 at 2017-08-21 21:50:19 -0400


Started GET "/assets/jquery_ujs.js?body=1" for 127.0.0.1 at 2017-08-21 21:50:19 -0400


Started GET "/assets/jquery.js?body=1" for 127.0.0.1 at 2017-08-21 21:50:19 -0400


Started GET "/assets/static_pages.js?body=1" for 127.0.0.1 at 2017-08-21 21:50:19 -0400


Started GET "/assets/application.js?body=1" for 127.0.0.1 at 2017-08-21 21:50:19 -0400


Started GET "/assets/rails.png" for 127.0.0.1 at 2017-08-21 21:50:19 -0400


Started GET "/" for 127.0.0.1 at 2017-08-22 00:22:33 -0400
Processing by StaticPagesController#home as HTML
  Rendered static_pages/home.html.erb within layouts/application (2.3ms)
  Rendered layouts/_shim.html.erb (0.4ms)
  Rendered layouts/_header.html.erb (0.7ms)
  Rendered layouts/_footer.html.erb (0.5ms)
Completed 200 OK in 1147ms (Views: 1146.0ms | ActiveRecord: 0.0ms)


Started GET "/assets/custom.css?body=1" for 127.0.0.1 at 2017-08-22 00:22:35 -0400


Started GET "/assets/application.css?body=1" for 127.0.0.1 at 2017-08-22 00:22:35 -0400


Started GET "/assets/static_pages.css?body=1" for 127.0.0.1 at 2017-08-22 00:22:35 -0400


Started GET "/assets/users.css?body=1" for 127.0.0.1 at 2017-08-22 00:22:35 -0400


Started GET "/assets/jquery_ujs.js?body=1" for 127.0.0.1 at 2017-08-22 00:22:35 -0400


Started GET "/assets/jquery.js?body=1" for 127.0.0.1 at 2017-08-22 00:22:35 -0400


Started GET "/assets/turbolinks.js?body=1" for 127.0.0.1 at 2017-08-22 00:22:35 -0400


Started GET "/assets/static_pages.js?body=1" for 127.0.0.1 at 2017-08-22 00:22:35 -0400


Started GET "/assets/users.js?body=1" for 127.0.0.1 at 2017-08-22 00:22:35 -0400


Started GET "/assets/application.js?body=1" for 127.0.0.1 at 2017-08-22 00:22:35 -0400


Started GET "/assets/rails.png" for 127.0.0.1 at 2017-08-22 00:22:35 -0400


Started GET "/" for 127.0.0.1 at 2017-08-22 00:23:21 -0400
Processing by StaticPagesController#home as HTML
  Rendered static_pages/home.html.erb within layouts/application (2.6ms)
  Rendered layouts/_shim.html.erb (0.3ms)
  Rendered layouts/_header.html.erb (0.5ms)
  Rendered layouts/_footer.html.erb (0.4ms)
Completed 200 OK in 104ms (Views: 103.0ms | ActiveRecord: 0.0ms)


Started GET "/assets/application.css?body=1" for 127.0.0.1 at 2017-08-22 00:23:22 -0400


Started GET "/assets/custom.css?body=1" for 127.0.0.1 at 2017-08-22 00:23:22 -0400


Started GET "/assets/static_pages.css?body=1" for 127.0.0.1 at 2017-08-22 00:23:22 -0400


Started GET "/assets/users.css?body=1" for 127.0.0.1 at 2017-08-22 00:23:22 -0400


Started GET "/" for 127.0.0.1 at 2017-08-22 00:23:27 -0400
Processing by StaticPagesController#home as HTML
  Rendered static_pages/home.html.erb within layouts/application (1.6ms)
  Rendered layouts/_shim.html.erb (0.5ms)
  Rendered layouts/_header.html.erb (1.2ms)
  Rendered layouts/_footer.html.erb (0.9ms)
Completed 200 OK in 29ms (Views: 20.4ms | ActiveRecord: 0.0ms)
  [1m[36m (178.8ms)[0m  [1mCREATE TABLE "schema_migrations" ("version" character varying(255) NOT NULL) [0m
  [1m[35m (6.5ms)[0m  CREATE UNIQUE INDEX "unique_schema_migrations" ON "schema_migrations" ("version")
  [1m[36mActiveRecord::SchemaMigration Load (0.7ms)[0m  [1mSELECT "schema_migrations".* FROM "schema_migrations"[0m
Migrating to CreateUsers (20170824151116)
  [1m[35m (0.3ms)[0m  BEGIN
  [1m[36m (49.1ms)[0m  [1mCREATE TABLE "users" ("id" serial primary key, "name" character varying(255), "email" character varying(255), "created_at" timestamp, "updated_at" timestamp) [0m
  [1m[35mSQL (2.3ms)[0m  INSERT INTO "schema_migrations" ("version") VALUES ($1)  [["version", "20170824151116"]]
  [1m[36m (0.6ms)[0m  [1mCOMMIT[0m
  [1m[35mActiveRecord::SchemaMigration Load (10.1ms)[0m  SELECT "schema_migrations".* FROM "schema_migrations"
  [1m[36m (0.1ms)[0m  [1mBEGIN[0m
  [1m[35m (1.5ms)[0m  SAVEPOINT active_record_1
  [1m[36mSQL (30.7ms)[0m  [1mINSERT INTO "users" ("created_at", "updated_at") VALUES ($1, $2) RETURNING "id"[0m  [["created_at", Thu, 24 Aug 2017 15:32:31 UTC +00:00], ["updated_at", Thu, 24 Aug 2017 15:32:31 UTC +00:00]]
  [1m[35m (0.3ms)[0m  RELEASE SAVEPOINT active_record_1
  [1m[36mUser Load (2.5ms)[0m  [1mSELECT "users".* FROM "users" WHERE "users"."id" = $1 LIMIT 1[0m  [["id", 3]]
  [1m[35m (0.6ms)[0m  ROLLBACK
  [1m[36mActiveRecord::SchemaMigration Load (0.6ms)[0m  [1mSELECT "schema_migrations".* FROM "schema_migrations"[0m
  [1m[35mActiveRecord::SchemaMigration Load (0.4ms)[0m  SELECT "schema_migrations".* FROM "schema_migrations"
  [1m[36m (250.4ms)[0m  [1mDROP DATABASE IF EXISTS "sample_app_test"[0m
  [1m[35m (420.4ms)[0m  CREATE DATABASE "sample_app_test" ENCODING = 'unicode'
  [1m[36mSQL (2.0ms)[0m  [1mCREATE EXTENSION IF NOT EXISTS "plpgsql"[0m
  [1m[35m (5.7ms)[0m  CREATE TABLE "users" ("id" serial primary key, "name" character varying(255), "email" character varying(255), "created_at" timestamp, "updated_at" timestamp) 
  [1m[36m (1.0ms)[0m  [1mCREATE TABLE "schema_migrations" ("version" character varying(255) NOT NULL) [0m
  [1m[35m (1.1ms)[0m  CREATE UNIQUE INDEX "unique_schema_migrations" ON "schema_migrations" ("version")
  [1m[36m (0.3ms)[0m  [1mSELECT version FROM "schema_migrations"[0m
  [1m[35m (0.5ms)[0m  INSERT INTO "schema_migrations" (version) VALUES ('20170824151116')
  [1m[36mActiveRecord::SchemaMigration Load (0.3ms)[0m  [1mSELECT "schema_migrations".* FROM "schema_migrations"[0m
  [1m[36mActiveRecord::SchemaMigration Load (1.6ms)[0m  [1mSELECT "schema_migrations".* FROM "schema_migrations"[0m
Migrating to AddIndexToUsersEmail (20170824195621)
  [1m[35m (0.2ms)[0m  BEGIN
  [1m[36m (14.5ms)[0m  [1mCREATE UNIQUE INDEX "index_users_on_email" ON "users" ("email")[0m
  [1m[35mSQL (2.4ms)[0m  INSERT INTO "schema_migrations" ("version") VALUES ($1)  [["version", "20170824195621"]]
  [1m[36m (0.6ms)[0m  [1mCOMMIT[0m
  [1m[35mActiveRecord::SchemaMigration Load (0.3ms)[0m  SELECT "schema_migrations".* FROM "schema_migrations"
  [1m[36mActiveRecord::SchemaMigration Load (0.5ms)[0m  [1mSELECT "schema_migrations".* FROM "schema_migrations"[0m
Migrating to AddPasswordDigestToUsers (20170824200818)
  [1m[35m (0.1ms)[0m  BEGIN
  [1m[36m (2.5ms)[0m  [1mALTER TABLE "users" ADD COLUMN "password_digest" character varying(255)[0m
  [1m[35mSQL (0.9ms)[0m  INSERT INTO "schema_migrations" ("version") VALUES ($1)  [["version", "20170824200818"]]
  [1m[36m (0.4ms)[0m  [1mCOMMIT[0m
  [1m[35mActiveRecord::SchemaMigration Load (0.3ms)[0m  SELECT "schema_migrations".* FROM "schema_migrations"
  [1m[36m (230.5ms)[0m  [1mDROP DATABASE IF EXISTS "sample_app_test"[0m
  [1m[35m (343.9ms)[0m  CREATE DATABASE "sample_app_test" ENCODING = 'unicode'
  [1m[36mSQL (2.0ms)[0m  [1mCREATE EXTENSION IF NOT EXISTS "plpgsql"[0m
  [1m[35m (7.3ms)[0m  CREATE TABLE "users" ("id" serial primary key, "name" character varying(255), "email" character varying(255), "created_at" timestamp, "updated_at" timestamp, "password_digest" character varying(255)) 
  [1m[36m (1.8ms)[0m  [1mCREATE UNIQUE INDEX "index_users_on_email" ON "users" USING btree ("email")[0m
  [1m[35m (1.0ms)[0m  CREATE TABLE "schema_migrations" ("version" character varying(255) NOT NULL) 
  [1m[36m (1.0ms)[0m  [1mCREATE UNIQUE INDEX "unique_schema_migrations" ON "schema_migrations" ("version")[0m
  [1m[35m (0.3ms)[0m  SELECT version FROM "schema_migrations"
  [1m[36m (0.6ms)[0m  [1mINSERT INTO "schema_migrations" (version) VALUES ('20170824200818')[0m
  [1m[35m (0.5ms)[0m  INSERT INTO "schema_migrations" (version) VALUES ('20170824151116')
  [1m[36m (0.5ms)[0m  [1mINSERT INTO "schema_migrations" (version) VALUES ('20170824195621')[0m
  [1m[35mActiveRecord::SchemaMigration Load (0.4ms)[0m  SELECT "schema_migrations".* FROM "schema_migrations"
  [1m[36m (119.0ms)[0m  [1mDROP DATABASE IF EXISTS "sample_app_test"[0m
  [1m[35m (248.9ms)[0m  CREATE DATABASE "sample_app_test" ENCODING = 'unicode'
  [1m[36mSQL (1.4ms)[0m  [1mCREATE EXTENSION IF NOT EXISTS "plpgsql"[0m
  [1m[35m (4.8ms)[0m  CREATE TABLE "users" ("id" serial primary key, "name" character varying(255), "email" character varying(255), "created_at" timestamp, "updated_at" timestamp, "password_digest" character varying(255)) 
  [1m[36m (1.2ms)[0m  [1mCREATE UNIQUE INDEX "index_users_on_email" ON "users" USING btree ("email")[0m
  [1m[35m (0.8ms)[0m  CREATE TABLE "schema_migrations" ("version" character varying(255) NOT NULL) 
  [1m[36m (1.0ms)[0m  [1mCREATE UNIQUE INDEX "unique_schema_migrations" ON "schema_migrations" ("version")[0m
  [1m[35m (0.4ms)[0m  SELECT version FROM "schema_migrations"
  [1m[36m (0.5ms)[0m  [1mINSERT INTO "schema_migrations" (version) VALUES ('20170824200818')[0m
  [1m[35m (0.4ms)[0m  INSERT INTO "schema_migrations" (version) VALUES ('20170824151116')
  [1m[36m (0.3ms)[0m  [1mINSERT INTO "schema_migrations" (version) VALUES ('20170824195621')[0m
  [1m[35mActiveRecord::SchemaMigration Load (0.3ms)[0m  SELECT "schema_migrations".* FROM "schema_migrations"
  [1m[36m (0.3ms)[0m  [1mBEGIN[0m
  [1m[35mUser Exists (2.3ms)[0m  SELECT 1 AS one FROM "users" WHERE LOWER("users"."email") = LOWER('jhhboyle@gmail.com') LIMIT 1
  [1m[36mSQL (5.8ms)[0m  [1mINSERT INTO "users" ("created_at", "email", "name", "password_digest", "updated_at") VALUES ($1, $2, $3, $4, $5) RETURNING "id"[0m  [["created_at", Thu, 24 Aug 2017 20:44:38 UTC +00:00], ["email", "jhhboyle@gmail.com"], ["name", "James Boyle"], ["password_digest", "$2a$10$86qpj0QIxpznnMMOLqhraOs2mO1oalEhvwqR5J7JjuAHDCq5KWVOW"], ["updated_at", Thu, 24 Aug 2017 20:44:38 UTC +00:00]]
  [1m[35m (0.3ms)[0m  COMMIT
  [1m[36mUser Load (2.7ms)[0m  [1mSELECT "users".* FROM "users" ORDER BY "users"."id" DESC LIMIT 1[0m
  [1m[35mUser Load (1.9ms)[0m  SELECT "users".* FROM "users"
  [1m[36mUser Load (0.9ms)[0m  [1mSELECT "users".* FROM "users" WHERE "users"."email" = 'jhhboyle@gmail.com' LIMIT 1[0m


Started GET "/" for 127.0.0.1 at 2017-08-26 19:11:13 -0400
  [1m[36mActiveRecord::SchemaMigration Load (6.5ms)[0m  [1mSELECT "schema_migrations".* FROM "schema_migrations"[0m
Processing by StaticPagesController#home as HTML
  Rendered static_pages/home.html.erb within layouts/application (7.4ms)
  Rendered layouts/_shim.html.erb (0.3ms)
  Rendered layouts/_header.html.erb (0.8ms)
  Rendered layouts/_footer.html.erb (1.0ms)
Completed 200 OK in 948ms (Views: 947.1ms | ActiveRecord: 0.0ms)


Started GET "/assets/application.css?body=1" for 127.0.0.1 at 2017-08-26 19:11:15 -0400


Started GET "/assets/custom.css?body=1" for 127.0.0.1 at 2017-08-26 19:11:15 -0400


Started GET "/assets/static_pages.css?body=1" for 127.0.0.1 at 2017-08-26 19:11:15 -0400


Started GET "/assets/turbolinks.js?body=1" for 127.0.0.1 at 2017-08-26 19:11:15 -0400


Started GET "/assets/jquery.js?body=1" for 127.0.0.1 at 2017-08-26 19:11:15 -0400


Started GET "/assets/users.css?body=1" for 127.0.0.1 at 2017-08-26 19:11:15 -0400


Started GET "/assets/jquery_ujs.js?body=1" for 127.0.0.1 at 2017-08-26 19:11:15 -0400


Started GET "/assets/static_pages.js?body=1" for 127.0.0.1 at 2017-08-26 19:11:15 -0400


Started GET "/assets/users.js?body=1" for 127.0.0.1 at 2017-08-26 19:11:15 -0400


Started GET "/assets/application.js?body=1" for 127.0.0.1 at 2017-08-26 19:11:15 -0400


Started GET "/assets/rails.png" for 127.0.0.1 at 2017-08-26 19:11:15 -0400


Started GET "/" for 127.0.0.1 at 2017-08-26 19:11:43 -0400
Processing by StaticPagesController#home as HTML
  Rendered static_pages/home.html.erb within layouts/application (0.6ms)
  Rendered layouts/_shim.html.erb (0.1ms)
  Rendered layouts/_header.html.erb (0.3ms)
  Rendered layouts/_footer.html.erb (0.2ms)
Completed 200 OK in 40ms (Views: 39.9ms | ActiveRecord: 0.0ms)


Started GET "/assets/static_pages.css?body=1" for 127.0.0.1 at 2017-08-26 19:11:43 -0400


Started GET "/assets/users.css?body=1" for 127.0.0.1 at 2017-08-26 19:11:43 -0400


Started GET "/assets/application.css?body=1" for 127.0.0.1 at 2017-08-26 19:11:43 -0400


Started GET "/assets/custom.css?body=1" for 127.0.0.1 at 2017-08-26 19:11:43 -0400


Started GET "/" for 127.0.0.1 at 2017-08-26 19:12:57 -0400
Processing by StaticPagesController#home as HTML
  Rendered static_pages/home.html.erb within layouts/application (0.6ms)
  Rendered layouts/_shim.html.erb (0.1ms)
  Rendered layouts/_header.html.erb (0.3ms)
  Rendered layouts/_footer.html.erb (0.1ms)
Completed 200 OK in 758ms (Views: 757.5ms | ActiveRecord: 0.0ms)


Started GET "/assets/custom.css?body=1" for 127.0.0.1 at 2017-08-26 19:12:57 -0400


Started GET "/assets/static_pages.css?body=1" for 127.0.0.1 at 2017-08-26 19:12:57 -0400


Started GET "/assets/users.css?body=1" for 127.0.0.1 at 2017-08-26 19:12:57 -0400


Started GET "/assets/application.css?body=1" for 127.0.0.1 at 2017-08-26 19:12:57 -0400


Started GET "/users/1" for 127.0.0.1 at 2017-08-26 19:15:35 -0400

ActionController::RoutingError (No route matches [GET] "/users/1"):
  actionpack (4.0.8) lib/action_dispatch/middleware/debug_exceptions.rb:21:in `call'
  actionpack (4.0.8) lib/action_dispatch/middleware/show_exceptions.rb:30:in `call'
  railties (4.0.8) lib/rails/rack/logger.rb:38:in `call_app'
  railties (4.0.8) lib/rails/rack/logger.rb:20:in `block in call'
  activesupport (4.0.8) lib/active_support/tagged_logging.rb:68:in `block in tagged'
  activesupport (4.0.8) lib/active_support/tagged_logging.rb:26:in `tagged'
  activesupport (4.0.8) lib/active_support/tagged_logging.rb:68:in `tagged'
  railties (4.0.8) lib/rails/rack/logger.rb:20:in `call'
  actionpack (4.0.8) lib/action_dispatch/middleware/request_id.rb:21:in `call'
  rack (1.5.5) lib/rack/methodoverride.rb:21:in `call'
  rack (1.5.5) lib/rack/runtime.rb:17:in `call'
  activesupport (4.0.8) lib/active_support/cache/strategy/local_cache.rb:83:in `call'
  rack (1.5.5) lib/rack/lock.rb:17:in `call'
  actionpack (4.0.8) lib/action_dispatch/middleware/static.rb:64:in `call'
  rack (1.5.5) lib/rack/sendfile.rb:112:in `call'
  railties (4.0.8) lib/rails/engine.rb:511:in `call'
  railties (4.0.8) lib/rails/application.rb:97:in `call'
  rack (1.5.5) lib/rack/lock.rb:17:in `call'
  rack (1.5.5) lib/rack/content_length.rb:14:in `call'
  rack (1.5.5) lib/rack/handler/webrick.rb:60:in `service'
  /Users/jamesboyle/.rvm/rubies/ruby-2.0.0-p648/lib/ruby/2.0.0/webrick/httpserver.rb:138:in `service'
  /Users/jamesboyle/.rvm/rubies/ruby-2.0.0-p648/lib/ruby/2.0.0/webrick/httpserver.rb:94:in `run'
  /Users/jamesboyle/.rvm/rubies/ruby-2.0.0-p648/lib/ruby/2.0.0/webrick/server.rb:295:in `block in start_thread'


  Rendered /Users/jamesboyle/.rvm/gems/ruby-2.0.0-p648@railstutorial_rails_4_0/gems/actionpack-4.0.8/lib/action_dispatch/middleware/templates/rescues/_trace.erb (0.7ms)
  Rendered /Users/jamesboyle/.rvm/gems/ruby-2.0.0-p648@railstutorial_rails_4_0/gems/actionpack-4.0.8/lib/action_dispatch/middleware/templates/routes/_route.html.erb (0.8ms)
  Rendered /Users/jamesboyle/.rvm/gems/ruby-2.0.0-p648@railstutorial_rails_4_0/gems/actionpack-4.0.8/lib/action_dispatch/middleware/templates/routes/_table.html.erb (7.2ms)
  Rendered /Users/jamesboyle/.rvm/gems/ruby-2.0.0-p648@railstutorial_rails_4_0/gems/actionpack-4.0.8/lib/action_dispatch/middleware/templates/rescues/routing_error.erb within rescues/layout (25.2ms)


Started GET "/users/2" for 127.0.0.1 at 2017-08-26 19:19:02 -0400
Processing by UsersController#show as HTML
  Parameters: {"id"=>"2"}
  [1m[35mUser Load (4.5ms)[0m  SELECT "users".* FROM "users" WHERE "users"."id" = $1 LIMIT 1  [["id", "2"]]
  Rendered users/show.html.erb within layouts/application (0.6ms)
  Rendered layouts/_shim.html.erb (0.0ms)
  Rendered layouts/_header.html.erb (0.3ms)
  Rendered layouts/_footer.html.erb (0.1ms)
Completed 200 OK in 66ms (Views: 8.9ms | ActiveRecord: 31.3ms)


Started GET "/assets/application.css?body=1" for 127.0.0.1 at 2017-08-26 19:19:02 -0400


Started GET "/assets/custom.css?body=1" for 127.0.0.1 at 2017-08-26 19:19:02 -0400


Started GET "/assets/static_pages.css?body=1" for 127.0.0.1 at 2017-08-26 19:19:02 -0400


Started GET "/assets/users.css?body=1" for 127.0.0.1 at 2017-08-26 19:19:02 -0400


Started GET "/assets/jquery.js?body=1" for 127.0.0.1 at 2017-08-26 19:19:02 -0400


Started GET "/assets/jquery_ujs.js?body=1" for 127.0.0.1 at 2017-08-26 19:19:02 -0400


Started GET "/assets/turbolinks.js?body=1" for 127.0.0.1 at 2017-08-26 19:19:02 -0400


Started GET "/assets/static_pages.js?body=1" for 127.0.0.1 at 2017-08-26 19:19:02 -0400


Started GET "/assets/users.js?body=1" for 127.0.0.1 at 2017-08-26 19:19:02 -0400


Started GET "/assets/application.js?body=1" for 127.0.0.1 at 2017-08-26 19:19:02 -0400


Started GET "/" for 127.0.0.1 at 2017-08-26 20:31:34 -0400
Processing by StaticPagesController#home as HTML
  Rendered static_pages/home.html.erb within layouts/application (1.1ms)
  Rendered layouts/_shim.html.erb (0.0ms)
  Rendered layouts/_header.html.erb (0.3ms)
  Rendered layouts/_footer.html.erb (0.3ms)
Completed 200 OK in 13ms (Views: 11.4ms | ActiveRecord: 0.0ms)


Started GET "/assets/application.css?body=1" for 127.0.0.1 at 2017-08-26 20:31:34 -0400


Started GET "/assets/custom.css?body=1" for 127.0.0.1 at 2017-08-26 20:31:34 -0400


Started GET "/assets/static_pages.css?body=1" for 127.0.0.1 at 2017-08-26 20:31:34 -0400


Started GET "/assets/users.css?body=1" for 127.0.0.1 at 2017-08-26 20:31:34 -0400


Started GET "/assets/jquery.js?body=1" for 127.0.0.1 at 2017-08-26 20:31:34 -0400


Started GET "/assets/jquery_ujs.js?body=1" for 127.0.0.1 at 2017-08-26 20:31:34 -0400


Started GET "/assets/turbolinks.js?body=1" for 127.0.0.1 at 2017-08-26 20:31:34 -0400


Started GET "/assets/static_pages.js?body=1" for 127.0.0.1 at 2017-08-26 20:31:34 -0400


Started GET "/assets/users.js?body=1" for 127.0.0.1 at 2017-08-26 20:31:34 -0400


Started GET "/assets/application.js?body=1" for 127.0.0.1 at 2017-08-26 20:31:34 -0400


Started GET "/assets/rails.png" for 127.0.0.1 at 2017-08-26 20:31:34 -0400


Started GET "/users/2" for 127.0.0.1 at 2017-08-26 20:31:42 -0400
Processing by UsersController#show as HTML
  Parameters: {"id"=>"2"}
  [1m[36mUser Load (0.4ms)[0m  [1mSELECT "users".* FROM "users" WHERE "users"."id" = $1 LIMIT 1[0m  [["id", "2"]]
  Rendered users/show.html.erb within layouts/application (37.1ms)
  Rendered layouts/_shim.html.erb (0.0ms)
  Rendered layouts/_header.html.erb (0.3ms)
  Rendered layouts/_footer.html.erb (0.1ms)
Completed 200 OK in 57ms (Views: 45.2ms | ActiveRecord: 2.9ms)


Started GET "/assets/application.css?body=1" for 127.0.0.1 at 2017-08-26 20:31:42 -0400


Started GET "/assets/custom.css?body=1" for 127.0.0.1 at 2017-08-26 20:31:42 -0400


Started GET "/assets/static_pages.css?body=1" for 127.0.0.1 at 2017-08-26 20:31:42 -0400


Started GET "/assets/users.css?body=1" for 127.0.0.1 at 2017-08-26 20:31:42 -0400


Started GET "/assets/static_pages.css?body=1" for 127.0.0.1 at 2017-08-26 20:31:56 -0400


Started GET "/assets/users.css?body=1" for 127.0.0.1 at 2017-08-26 20:31:56 -0400


Started GET "/assets/application.css?body=1" for 127.0.0.1 at 2017-08-26 20:31:56 -0400


Started GET "/assets/custom.css?body=1" for 127.0.0.1 at 2017-08-26 20:31:56 -0400
  [1m[36mUser Load (19.2ms)[0m  [1mSELECT "users".* FROM "users" ORDER BY "users"."id" ASC LIMIT 1[0m
  [1m[35m (0.4ms)[0m  BEGIN
  [1m[36mUser Exists (7.2ms)[0m  [1mSELECT 1 AS one FROM "users" WHERE (LOWER("users"."email") = LOWER('example@railstutorial.org') AND "users"."id" != 2) LIMIT 1[0m
  [1m[35mSQL (24.3ms)[0m  UPDATE "users" SET "name" = $1, "email" = $2, "password_digest" = $3, "updated_at" = $4 WHERE "users"."id" = 2  [["name", "Example User"], ["email", "example@railstutorial.org"], ["password_digest", "$2a$10$.uIpPjL8mhrQco2boSj36edhkCVupXkGN.gCVXu7SfcVPMS7rR8LC"], ["updated_at", Sun, 27 Aug 2017 00:32:49 UTC +00:00]]
  [1m[36m (12.7ms)[0m  [1mCOMMIT[0m


Started GET "/users/2" for 127.0.0.1 at 2017-08-26 20:34:42 -0400
Processing by UsersController#show as HTML
  Parameters: {"id"=>"2"}
  [1m[35mUser Load (0.4ms)[0m  SELECT "users".* FROM "users" WHERE "users"."id" = $1 LIMIT 1  [["id", "2"]]
  Rendered users/show.html.erb within layouts/application (0.8ms)
  Rendered layouts/_shim.html.erb (0.1ms)
  Rendered layouts/_header.html.erb (0.5ms)
  Rendered layouts/_footer.html.erb (0.3ms)
Completed 200 OK in 15ms (Views: 13.4ms | ActiveRecord: 0.4ms)


Started GET "/assets/custom.css?body=1" for 127.0.0.1 at 2017-08-26 20:34:43 -0400


Started GET "/assets/static_pages.css?body=1" for 127.0.0.1 at 2017-08-26 20:34:43 -0400


Started GET "/assets/users.css?body=1" for 127.0.0.1 at 2017-08-26 20:34:43 -0400


Started GET "/assets/application.css?body=1" for 127.0.0.1 at 2017-08-26 20:34:43 -0400


Started GET "/" for 127.0.0.1 at 2017-08-26 20:38:19 -0400
Processing by StaticPagesController#home as HTML
  Rendered static_pages/home.html.erb within layouts/application (2.7ms)
  Rendered layouts/_shim.html.erb (0.1ms)
  Rendered layouts/_header.html.erb (0.3ms)
  Rendered layouts/_footer.html.erb (0.2ms)
Completed 200 OK in 940ms (Views: 939.3ms | ActiveRecord: 0.0ms)


Started GET "/assets/application.css?body=1" for 127.0.0.1 at 2017-08-26 20:38:20 -0400


Started GET "/assets/custom.css?body=1" for 127.0.0.1 at 2017-08-26 20:38:20 -0400


Started GET "/assets/jquery_ujs.js?body=1" for 127.0.0.1 at 2017-08-26 20:38:20 -0400


Started GET "/assets/jquery.js?body=1" for 127.0.0.1 at 2017-08-26 20:38:20 -0400


Started GET "/assets/users.css?body=1" for 127.0.0.1 at 2017-08-26 20:38:20 -0400


Started GET "/assets/static_pages.css?body=1" for 127.0.0.1 at 2017-08-26 20:38:20 -0400


Started GET "/assets/static_pages.js?body=1" for 127.0.0.1 at 2017-08-26 20:38:20 -0400


Started GET "/assets/users.js?body=1" for 127.0.0.1 at 2017-08-26 20:38:20 -0400


Started GET "/assets/turbolinks.js?body=1" for 127.0.0.1 at 2017-08-26 20:38:20 -0400


Started GET "/assets/application.js?body=1" for 127.0.0.1 at 2017-08-26 20:38:20 -0400


Started GET "/assets/rails.png" for 127.0.0.1 at 2017-08-26 20:38:20 -0400


Started GET "/profiles/2" for 127.0.0.1 at 2017-08-26 20:38:28 -0400

ActionController::RoutingError (No route matches [GET] "/profiles/2"):
  actionpack (4.0.8) lib/action_dispatch/middleware/debug_exceptions.rb:21:in `call'
  actionpack (4.0.8) lib/action_dispatch/middleware/show_exceptions.rb:30:in `call'
  railties (4.0.8) lib/rails/rack/logger.rb:38:in `call_app'
  railties (4.0.8) lib/rails/rack/logger.rb:20:in `block in call'
  activesupport (4.0.8) lib/active_support/tagged_logging.rb:68:in `block in tagged'
  activesupport (4.0.8) lib/active_support/tagged_logging.rb:26:in `tagged'
  activesupport (4.0.8) lib/active_support/tagged_logging.rb:68:in `tagged'
  railties (4.0.8) lib/rails/rack/logger.rb:20:in `call'
  actionpack (4.0.8) lib/action_dispatch/middleware/request_id.rb:21:in `call'
  rack (1.5.5) lib/rack/methodoverride.rb:21:in `call'
  rack (1.5.5) lib/rack/runtime.rb:17:in `call'
  activesupport (4.0.8) lib/active_support/cache/strategy/local_cache.rb:83:in `call'
  rack (1.5.5) lib/rack/lock.rb:17:in `call'
  actionpack (4.0.8) lib/action_dispatch/middleware/static.rb:64:in `call'
  rack (1.5.5) lib/rack/sendfile.rb:112:in `call'
  railties (4.0.8) lib/rails/engine.rb:511:in `call'
  railties (4.0.8) lib/rails/application.rb:97:in `call'
  rack (1.5.5) lib/rack/lock.rb:17:in `call'
  rack (1.5.5) lib/rack/content_length.rb:14:in `call'
  rack (1.5.5) lib/rack/handler/webrick.rb:60:in `service'
  /Users/jamesboyle/.rvm/rubies/ruby-2.0.0-p648/lib/ruby/2.0.0/webrick/httpserver.rb:138:in `service'
  /Users/jamesboyle/.rvm/rubies/ruby-2.0.0-p648/lib/ruby/2.0.0/webrick/httpserver.rb:94:in `run'
  /Users/jamesboyle/.rvm/rubies/ruby-2.0.0-p648/lib/ruby/2.0.0/webrick/server.rb:295:in `block in start_thread'


  Rendered /Users/jamesboyle/.rvm/gems/ruby-2.0.0-p648@railstutorial_rails_4_0/gems/actionpack-4.0.8/lib/action_dispatch/middleware/templates/rescues/_trace.erb (1.0ms)
  Rendered /Users/jamesboyle/.rvm/gems/ruby-2.0.0-p648@railstutorial_rails_4_0/gems/actionpack-4.0.8/lib/action_dispatch/middleware/templates/routes/_route.html.erb (1.1ms)
  Rendered /Users/jamesboyle/.rvm/gems/ruby-2.0.0-p648@railstutorial_rails_4_0/gems/actionpack-4.0.8/lib/action_dispatch/middleware/templates/routes/_table.html.erb (1.1ms)
  Rendered /Users/jamesboyle/.rvm/gems/ruby-2.0.0-p648@railstutorial_rails_4_0/gems/actionpack-4.0.8/lib/action_dispatch/middleware/templates/rescues/routing_error.erb within rescues/layout (22.4ms)


Started GET "/users/2" for 127.0.0.1 at 2017-08-26 20:38:34 -0400
Processing by UsersController#show as HTML
  Parameters: {"id"=>"2"}
  [1m[36mUser Load (0.5ms)[0m  [1mSELECT "users".* FROM "users" WHERE "users"."id" = $1 LIMIT 1[0m  [["id", "2"]]
  Rendered users/show.html.erb within layouts/application (0.7ms)
  Rendered layouts/_shim.html.erb (0.1ms)
  Rendered layouts/_header.html.erb (0.4ms)
  Rendered layouts/_footer.html.erb (0.2ms)
Completed 200 OK in 15ms (Views: 12.6ms | ActiveRecord: 0.5ms)


Started GET "/assets/application.css?body=1" for 127.0.0.1 at 2017-08-26 20:38:34 -0400


Started GET "/assets/users.css?body=1" for 127.0.0.1 at 2017-08-26 20:38:34 -0400


Started GET "/assets/custom.css?body=1" for 127.0.0.1 at 2017-08-26 20:38:34 -0400


Started GET "/assets/static_pages.css?body=1" for 127.0.0.1 at 2017-08-26 20:38:34 -0400
  [1m[36m (5038.7ms)[0m  [1mDROP DATABASE IF EXISTS "sample_app_development"[0m
PG::Error: ERROR:  database "sample_app_development" is being accessed by other users
DETAIL:  There is 1 other session using the database.
: DROP DATABASE IF EXISTS "sample_app_development"
  [1m[35m (250.5ms)[0m  DROP DATABASE IF EXISTS "sample_app_test"
  [1m[36m (2.0ms)[0m  [1mCREATE DATABASE "sample_app_development" ENCODING = 'unicode'[0m
PG::Error: ERROR:  database "sample_app_development" already exists
: CREATE DATABASE "sample_app_development" ENCODING = 'unicode'
  [1m[35m (383.0ms)[0m  CREATE DATABASE "sample_app_test" ENCODING = 'unicode'
  [1m[36mSQL (20.1ms)[0m  [1mCREATE EXTENSION IF NOT EXISTS "plpgsql"[0m
  [1m[35m (47.1ms)[0m  DROP TABLE "users"
  [1m[36m (21.7ms)[0m  [1mCREATE TABLE "users" ("id" serial primary key, "name" character varying(255), "email" character varying(255), "created_at" timestamp, "updated_at" timestamp, "password_digest" character varying(255)) [0m
  [1m[35m (2.1ms)[0m  CREATE UNIQUE INDEX "index_users_on_email" ON "users" USING btree ("email")
  [1m[36m (0.6ms)[0m  [1mSELECT version FROM "schema_migrations"[0m
  [1m[35mActiveRecord::SchemaMigration Load (0.4ms)[0m  SELECT "schema_migrations".* FROM "schema_migrations"
  [1m[36m (117.9ms)[0m  [1mDROP DATABASE IF EXISTS "sample_app_test"[0m
  [1m[35m (261.1ms)[0m  CREATE DATABASE "sample_app_test" ENCODING = 'unicode'
  [1m[36mSQL (1.2ms)[0m  [1mCREATE EXTENSION IF NOT EXISTS "plpgsql"[0m
  [1m[35m (6.9ms)[0m  CREATE TABLE "users" ("id" serial primary key, "name" character varying(255), "email" character varying(255), "created_at" timestamp, "updated_at" timestamp, "password_digest" character varying(255)) 
  [1m[36m (1.4ms)[0m  [1mCREATE UNIQUE INDEX "index_users_on_email" ON "users" USING btree ("email")[0m
  [1m[35m (0.9ms)[0m  CREATE TABLE "schema_migrations" ("version" character varying(255) NOT NULL) 
  [1m[36m (1.2ms)[0m  [1mCREATE UNIQUE INDEX "unique_schema_migrations" ON "schema_migrations" ("version")[0m
  [1m[35m (0.5ms)[0m  SELECT version FROM "schema_migrations"
  [1m[36m (0.8ms)[0m  [1mINSERT INTO "schema_migrations" (version) VALUES ('20170824200818')[0m
  [1m[35m (0.5ms)[0m  INSERT INTO "schema_migrations" (version) VALUES ('20170824151116')
  [1m[36m (0.5ms)[0m  [1mINSERT INTO "schema_migrations" (version) VALUES ('20170824195621')[0m
  [1m[35mActiveRecord::SchemaMigration Load (0.4ms)[0m  SELECT "schema_migrations".* FROM "schema_migrations"


Started GET "/users/new" for 127.0.0.1 at 2017-08-26 21:10:01 -0400
  [1m[36mActiveRecord::SchemaMigration Load (0.6ms)[0m  [1mSELECT "schema_migrations".* FROM "schema_migrations"[0m
Processing by UsersController#new as HTML
  Rendered users/new.html.erb within layouts/application (21.9ms)
  Rendered layouts/_shim.html.erb (0.3ms)
  Rendered layouts/_header.html.erb (0.5ms)
  Rendered layouts/_footer.html.erb (0.4ms)
Completed 200 OK in 1117ms (Views: 1105.4ms | ActiveRecord: 1.9ms)


Started GET "/assets/application.css?body=1" for 127.0.0.1 at 2017-08-26 21:10:03 -0400


Started GET "/assets/static_pages.css?body=1" for 127.0.0.1 at 2017-08-26 21:10:03 -0400


Started GET "/assets/jquery.js?body=1" for 127.0.0.1 at 2017-08-26 21:10:03 -0400


Started GET "/assets/custom.css?body=1" for 127.0.0.1 at 2017-08-26 21:10:03 -0400


Started GET "/assets/users.css?body=1" for 127.0.0.1 at 2017-08-26 21:10:03 -0400


Started GET "/assets/jquery_ujs.js?body=1" for 127.0.0.1 at 2017-08-26 21:10:03 -0400


Started GET "/assets/turbolinks.js?body=1" for 127.0.0.1 at 2017-08-26 21:10:03 -0400


Started GET "/assets/static_pages.js?body=1" for 127.0.0.1 at 2017-08-26 21:10:03 -0400


Started GET "/assets/users.js?body=1" for 127.0.0.1 at 2017-08-26 21:10:03 -0400


Started GET "/assets/application.js?body=1" for 127.0.0.1 at 2017-08-26 21:10:03 -0400


Started GET "/users/new" for 127.0.0.1 at 2017-08-26 21:10:10 -0400
Processing by UsersController#new as HTML
  Rendered users/new.html.erb within layouts/application (1.7ms)
  Rendered layouts/_shim.html.erb (0.0ms)
  Rendered layouts/_header.html.erb (0.3ms)
  Rendered layouts/_footer.html.erb (0.1ms)
Completed 200 OK in 728ms (Views: 727.8ms | ActiveRecord: 0.0ms)


Started GET "/assets/custom.css?body=1" for 127.0.0.1 at 2017-08-26 21:10:11 -0400


Started GET "/assets/application.css?body=1" for 127.0.0.1 at 2017-08-26 21:10:11 -0400


Started GET "/assets/static_pages.css?body=1" for 127.0.0.1 at 2017-08-26 21:10:11 -0400


Started GET "/assets/users.css?body=1" for 127.0.0.1 at 2017-08-26 21:10:11 -0400


Started GET "/users/new" for 127.0.0.1 at 2017-08-26 21:10:16 -0400
Processing by UsersController#new as HTML
  Rendered users/new.html.erb within layouts/application (1.9ms)
  Rendered layouts/_shim.html.erb (0.1ms)
  Rendered layouts/_header.html.erb (0.3ms)
  Rendered layouts/_footer.html.erb (0.1ms)
Completed 200 OK in 781ms (Views: 780.5ms | ActiveRecord: 0.0ms)


Started GET "/assets/application.css?body=1" for 127.0.0.1 at 2017-08-26 21:10:16 -0400


Started GET "/assets/static_pages.css?body=1" for 127.0.0.1 at 2017-08-26 21:10:16 -0400


Started GET "/assets/custom.css?body=1" for 127.0.0.1 at 2017-08-26 21:10:16 -0400


Started GET "/assets/users.css?body=1" for 127.0.0.1 at 2017-08-26 21:10:16 -0400


Started GET "/" for 127.0.0.1 at 2017-08-26 21:23:06 -0400
Processing by StaticPagesController#home as HTML
  Rendered static_pages/home.html.erb within layouts/application (2.7ms)
  Rendered layouts/_shim.html.erb (0.1ms)
  Rendered layouts/_header.html.erb (0.3ms)
  Rendered layouts/_footer.html.erb (0.2ms)
Completed 200 OK in 16ms (Views: 15.4ms | ActiveRecord: 0.0ms)


Started GET "/assets/custom.css?body=1" for 127.0.0.1 at 2017-08-26 21:23:06 -0400


Started GET "/assets/jquery_ujs.js?body=1" for 127.0.0.1 at 2017-08-26 21:23:06 -0400


Started GET "/assets/static_pages.css?body=1" for 127.0.0.1 at 2017-08-26 21:23:06 -0400


Started GET "/assets/users.css?body=1" for 127.0.0.1 at 2017-08-26 21:23:06 -0400


Started GET "/assets/jquery.js?body=1" for 127.0.0.1 at 2017-08-26 21:23:06 -0400


Started GET "/assets/application.css?body=1" for 127.0.0.1 at 2017-08-26 21:23:06 -0400


Started GET "/assets/turbolinks.js?body=1" for 127.0.0.1 at 2017-08-26 21:23:06 -0400


Started GET "/assets/static_pages.js?body=1" for 127.0.0.1 at 2017-08-26 21:23:06 -0400


Started GET "/assets/users.js?body=1" for 127.0.0.1 at 2017-08-26 21:23:06 -0400


Started GET "/assets/application.js?body=1" for 127.0.0.1 at 2017-08-26 21:23:06 -0400


Started GET "/assets/rails.png" for 127.0.0.1 at 2017-08-26 21:23:06 -0400


Started GET "/signup" for 127.0.0.1 at 2017-08-26 21:23:09 -0400

ActionController::RoutingError (undefined local variable or method `å' for UsersController:Class):
  app/controllers/users_controller.rb:14:in `<class:UsersController>'
  app/controllers/users_controller.rb:1:in `<top (required)>'


  Rendered /Users/jamesboyle/.rvm/gems/ruby-2.0.0-p648@railstutorial_rails_4_0/gems/actionpack-4.0.8/lib/action_dispatch/middleware/templates/rescues/_trace.erb (1.6ms)
  Rendered /Users/jamesboyle/.rvm/gems/ruby-2.0.0-p648@railstutorial_rails_4_0/gems/actionpack-4.0.8/lib/action_dispatch/middleware/templates/routes/_route.html.erb (2.5ms)
  Rendered /Users/jamesboyle/.rvm/gems/ruby-2.0.0-p648@railstutorial_rails_4_0/gems/actionpack-4.0.8/lib/action_dispatch/middleware/templates/routes/_table.html.erb (3.7ms)
  Rendered /Users/jamesboyle/.rvm/gems/ruby-2.0.0-p648@railstutorial_rails_4_0/gems/actionpack-4.0.8/lib/action_dispatch/middleware/templates/rescues/routing_error.erb within rescues/layout (60.1ms)


Started GET "/signup" for 127.0.0.1 at 2017-08-26 21:23:10 -0400

ActionController::RoutingError (undefined local variable or method `å' for UsersController:Class):
  app/controllers/users_controller.rb:14:in `<class:UsersController>'
  app/controllers/users_controller.rb:1:in `<top (required)>'


  Rendered /Users/jamesboyle/.rvm/gems/ruby-2.0.0-p648@railstutorial_rails_4_0/gems/actionpack-4.0.8/lib/action_dispatch/middleware/templates/rescues/_trace.erb (1.8ms)
  Rendered /Users/jamesboyle/.rvm/gems/ruby-2.0.0-p648@railstutorial_rails_4_0/gems/actionpack-4.0.8/lib/action_dispatch/middleware/templates/routes/_route.html.erb (2.1ms)
  Rendered /Users/jamesboyle/.rvm/gems/ruby-2.0.0-p648@railstutorial_rails_4_0/gems/actionpack-4.0.8/lib/action_dispatch/middleware/templates/routes/_table.html.erb (1.0ms)
  Rendered /Users/jamesboyle/.rvm/gems/ruby-2.0.0-p648@railstutorial_rails_4_0/gems/actionpack-4.0.8/lib/action_dispatch/middleware/templates/rescues/routing_error.erb within rescues/layout (44.1ms)


Started GET "/signup" for 127.0.0.1 at 2017-08-26 21:23:19 -0400
Processing by UsersController#new as HTML
  [1m[35m (0.2ms)[0m  BEGIN
  [1m[36mUser Exists (2.5ms)[0m  [1mSELECT 1 AS one FROM "users" WHERE "users"."email" IS NULL LIMIT 1[0m
  [1m[35m (0.2ms)[0m  ROLLBACK
  Rendered users/new.html.erb within layouts/application (2.0ms)
  Rendered layouts/_shim.html.erb (0.0ms)
  Rendered layouts/_header.html.erb (0.4ms)
  Rendered layouts/_footer.html.erb (0.2ms)
Completed 200 OK in 37ms (Views: 9.9ms | ActiveRecord: 5.8ms)


Started GET "/assets/application.css?body=1" for 127.0.0.1 at 2017-08-26 21:23:19 -0400


Started GET "/assets/custom.css?body=1" for 127.0.0.1 at 2017-08-26 21:23:19 -0400


Started GET "/assets/static_pages.css?body=1" for 127.0.0.1 at 2017-08-26 21:23:19 -0400


Started GET "/assets/users.css?body=1" for 127.0.0.1 at 2017-08-26 21:23:19 -0400


Started POST "/users" for 127.0.0.1 at 2017-08-26 21:23:23 -0400

AbstractController::ActionNotFound (The action 'create' could not be found for UsersController):
  actionpack (4.0.8) lib/abstract_controller/base.rb:131:in `process'
  actionpack (4.0.8) lib/abstract_controller/rendering.rb:44:in `process'
  actionpack (4.0.8) lib/action_controller/metal.rb:195:in `dispatch'
  actionpack (4.0.8) lib/action_controller/metal/rack_delegation.rb:13:in `dispatch'
  actionpack (4.0.8) lib/action_controller/metal.rb:231:in `block in action'
  actionpack (4.0.8) lib/action_dispatch/routing/route_set.rb:82:in `call'
  actionpack (4.0.8) lib/action_dispatch/routing/route_set.rb:82:in `dispatch'
  actionpack (4.0.8) lib/action_dispatch/routing/route_set.rb:50:in `call'
  actionpack (4.0.8) lib/action_dispatch/journey/router.rb:71:in `block in call'
  actionpack (4.0.8) lib/action_dispatch/journey/router.rb:59:in `each'
  actionpack (4.0.8) lib/action_dispatch/journey/router.rb:59:in `call'
  actionpack (4.0.8) lib/action_dispatch/routing/route_set.rb:676:in `call'
  rack (1.5.5) lib/rack/etag.rb:23:in `call'
  rack (1.5.5) lib/rack/conditionalget.rb:35:in `call'
  rack (1.5.5) lib/rack/head.rb:11:in `call'
  actionpack (4.0.8) lib/action_dispatch/middleware/params_parser.rb:27:in `call'
  actionpack (4.0.8) lib/action_dispatch/middleware/flash.rb:241:in `call'
  rack (1.5.5) lib/rack/session/abstract/id.rb:225:in `context'
  rack (1.5.5) lib/rack/session/abstract/id.rb:220:in `call'
  actionpack (4.0.8) lib/action_dispatch/middleware/cookies.rb:486:in `call'
  activerecord (4.0.8) lib/active_record/query_cache.rb:36:in `call'
  activerecord (4.0.8) lib/active_record/connection_adapters/abstract/connection_pool.rb:626:in `call'
  activerecord (4.0.8) lib/active_record/migration.rb:373:in `call'
  actionpack (4.0.8) lib/action_dispatch/middleware/callbacks.rb:29:in `block in call'
  activesupport (4.0.8) lib/active_support/callbacks.rb:373:in `_run__4308719103697812516__call__callbacks'
  activesupport (4.0.8) lib/active_support/callbacks.rb:80:in `run_callbacks'
  actionpack (4.0.8) lib/action_dispatch/middleware/callbacks.rb:27:in `call'
  actionpack (4.0.8) lib/action_dispatch/middleware/reloader.rb:64:in `call'
  actionpack (4.0.8) lib/action_dispatch/middleware/remote_ip.rb:76:in `call'
  actionpack (4.0.8) lib/action_dispatch/middleware/debug_exceptions.rb:17:in `call'
  actionpack (4.0.8) lib/action_dispatch/middleware/show_exceptions.rb:30:in `call'
  railties (4.0.8) lib/rails/rack/logger.rb:38:in `call_app'
  railties (4.0.8) lib/rails/rack/logger.rb:20:in `block in call'
  activesupport (4.0.8) lib/active_support/tagged_logging.rb:68:in `block in tagged'
  activesupport (4.0.8) lib/active_support/tagged_logging.rb:26:in `tagged'
  activesupport (4.0.8) lib/active_support/tagged_logging.rb:68:in `tagged'
  railties (4.0.8) lib/rails/rack/logger.rb:20:in `call'
  actionpack (4.0.8) lib/action_dispatch/middleware/request_id.rb:21:in `call'
  rack (1.5.5) lib/rack/methodoverride.rb:21:in `call'
  rack (1.5.5) lib/rack/runtime.rb:17:in `call'
  activesupport (4.0.8) lib/active_support/cache/strategy/local_cache.rb:83:in `call'
  rack (1.5.5) lib/rack/lock.rb:17:in `call'
  actionpack (4.0.8) lib/action_dispatch/middleware/static.rb:64:in `call'
  rack (1.5.5) lib/rack/sendfile.rb:112:in `call'
  railties (4.0.8) lib/rails/engine.rb:511:in `call'
  railties (4.0.8) lib/rails/application.rb:97:in `call'
  rack (1.5.5) lib/rack/lock.rb:17:in `call'
  rack (1.5.5) lib/rack/content_length.rb:14:in `call'
  rack (1.5.5) lib/rack/handler/webrick.rb:60:in `service'
  /Users/jamesboyle/.rvm/rubies/ruby-2.0.0-p648/lib/ruby/2.0.0/webrick/httpserver.rb:138:in `service'
  /Users/jamesboyle/.rvm/rubies/ruby-2.0.0-p648/lib/ruby/2.0.0/webrick/httpserver.rb:94:in `run'
  /Users/jamesboyle/.rvm/rubies/ruby-2.0.0-p648/lib/ruby/2.0.0/webrick/server.rb:295:in `block in start_thread'


  Rendered /Users/jamesboyle/.rvm/gems/ruby-2.0.0-p648@railstutorial_rails_4_0/gems/actionpack-4.0.8/lib/action_dispatch/middleware/templates/rescues/unknown_action.erb within rescues/layout (0.4ms)


Started GET "/users/2" for 127.0.0.1 at 2017-08-26 21:26:41 -0400
Processing by UsersController#show as HTML
  Parameters: {"id"=>"2"}
  [1m[36mUser Load (1.0ms)[0m  [1mSELECT "users".* FROM "users" WHERE "users"."id" = $1 LIMIT 1[0m  [["id", "2"]]
Completed 404 Not Found in 2ms

ActiveRecord::RecordNotFound (Couldn't find User with id=2):
  app/controllers/users_controller.rb:12:in `show'


  Rendered /Users/jamesboyle/.rvm/gems/ruby-2.0.0-p648@railstutorial_rails_4_0/gems/actionpack-4.0.8/lib/action_dispatch/middleware/templates/rescues/_source.erb (0.6ms)
  Rendered /Users/jamesboyle/.rvm/gems/ruby-2.0.0-p648@railstutorial_rails_4_0/gems/actionpack-4.0.8/lib/action_dispatch/middleware/templates/rescues/_trace.erb (1.1ms)
  Rendered /Users/jamesboyle/.rvm/gems/ruby-2.0.0-p648@railstutorial_rails_4_0/gems/actionpack-4.0.8/lib/action_dispatch/middleware/templates/rescues/_request_and_response.erb (1.0ms)
  Rendered /Users/jamesboyle/.rvm/gems/ruby-2.0.0-p648@railstutorial_rails_4_0/gems/actionpack-4.0.8/lib/action_dispatch/middleware/templates/rescues/diagnostics.erb within rescues/layout (14.4ms)


Started GET "/users/1" for 127.0.0.1 at 2017-08-26 21:26:47 -0400
Processing by UsersController#show as HTML
  Parameters: {"id"=>"1"}
  [1m[35mUser Load (0.6ms)[0m  SELECT "users".* FROM "users" WHERE "users"."id" = $1 LIMIT 1  [["id", "1"]]
Completed 404 Not Found in 2ms

ActiveRecord::RecordNotFound (Couldn't find User with id=1):
  app/controllers/users_controller.rb:12:in `show'


  Rendered /Users/jamesboyle/.rvm/gems/ruby-2.0.0-p648@railstutorial_rails_4_0/gems/actionpack-4.0.8/lib/action_dispatch/middleware/templates/rescues/_source.erb (0.4ms)
  Rendered /Users/jamesboyle/.rvm/gems/ruby-2.0.0-p648@railstutorial_rails_4_0/gems/actionpack-4.0.8/lib/action_dispatch/middleware/templates/rescues/_trace.erb (0.8ms)
  Rendered /Users/jamesboyle/.rvm/gems/ruby-2.0.0-p648@railstutorial_rails_4_0/gems/actionpack-4.0.8/lib/action_dispatch/middleware/templates/rescues/_request_and_response.erb (1.1ms)
  Rendered /Users/jamesboyle/.rvm/gems/ruby-2.0.0-p648@railstutorial_rails_4_0/gems/actionpack-4.0.8/lib/action_dispatch/middleware/templates/rescues/diagnostics.erb within rescues/layout (11.4ms)
  [1m[36mUser Load (1.0ms)[0m  [1mSELECT "users".* FROM "users" ORDER BY "users"."id" DESC LIMIT 1[0m


Started GET "/signup" for 127.0.0.1 at 2017-08-26 21:27:02 -0400
Processing by UsersController#new as HTML
  [1m[36m (0.2ms)[0m  [1mBEGIN[0m
  [1m[35mUser Exists (0.4ms)[0m  SELECT 1 AS one FROM "users" WHERE "users"."email" IS NULL LIMIT 1
  [1m[36m (0.2ms)[0m  [1mROLLBACK[0m
  Rendered users/new.html.erb within layouts/application (2.2ms)
  Rendered layouts/_shim.html.erb (0.0ms)
  Rendered layouts/_header.html.erb (0.2ms)
  Rendered layouts/_footer.html.erb (0.1ms)
Completed 200 OK in 16ms (Views: 11.6ms | ActiveRecord: 0.8ms)


Started GET "/assets/application.css?body=1" for 127.0.0.1 at 2017-08-26 21:27:02 -0400


Started GET "/assets/custom.css?body=1" for 127.0.0.1 at 2017-08-26 21:27:02 -0400


Started GET "/assets/users.css?body=1" for 127.0.0.1 at 2017-08-26 21:27:02 -0400


Started GET "/assets/static_pages.css?body=1" for 127.0.0.1 at 2017-08-26 21:27:02 -0400


Started GET "/assets/jquery.js?body=1" for 127.0.0.1 at 2017-08-26 21:27:02 -0400


Started GET "/assets/jquery_ujs.js?body=1" for 127.0.0.1 at 2017-08-26 21:27:02 -0400


Started GET "/assets/static_pages.js?body=1" for 127.0.0.1 at 2017-08-26 21:27:02 -0400


Started GET "/assets/turbolinks.js?body=1" for 127.0.0.1 at 2017-08-26 21:27:03 -0400


Started GET "/assets/users.js?body=1" for 127.0.0.1 at 2017-08-26 21:27:03 -0400


Started GET "/assets/application.js?body=1" for 127.0.0.1 at 2017-08-26 21:27:03 -0400


Started GET "/assets/application.css?body=1" for 127.0.0.1 at 2017-08-26 21:27:05 -0400


Started GET "/assets/users.css?body=1" for 127.0.0.1 at 2017-08-26 21:27:05 -0400


Started GET "/assets/custom.css?body=1" for 127.0.0.1 at 2017-08-26 21:27:05 -0400


Started GET "/assets/static_pages.css?body=1" for 127.0.0.1 at 2017-08-26 21:27:05 -0400


Started GET "/users/2" for 127.0.0.1 at 2017-08-26 21:29:47 -0400
  [1m[36mActiveRecord::SchemaMigration Load (0.5ms)[0m  [1mSELECT "schema_migrations".* FROM "schema_migrations"[0m
Processing by UsersController#show as HTML
  Parameters: {"id"=>"2"}
  [1m[35mUser Load (1.1ms)[0m  SELECT "users".* FROM "users" WHERE "users"."id" = $1 LIMIT 1  [["id", "2"]]
Completed 404 Not Found in 15ms

ActiveRecord::RecordNotFound (Couldn't find User with id=2):
  app/controllers/users_controller.rb:16:in `show'


  Rendered /Users/jamesboyle/.rvm/gems/ruby-2.0.0-p648@railstutorial_rails_4_0/gems/actionpack-4.0.8/lib/action_dispatch/middleware/templates/rescues/_source.erb (0.4ms)
  Rendered /Users/jamesboyle/.rvm/gems/ruby-2.0.0-p648@railstutorial_rails_4_0/gems/actionpack-4.0.8/lib/action_dispatch/middleware/templates/rescues/_trace.erb (0.7ms)
  Rendered /Users/jamesboyle/.rvm/gems/ruby-2.0.0-p648@railstutorial_rails_4_0/gems/actionpack-4.0.8/lib/action_dispatch/middleware/templates/rescues/_request_and_response.erb (12.2ms)
  Rendered /Users/jamesboyle/.rvm/gems/ruby-2.0.0-p648@railstutorial_rails_4_0/gems/actionpack-4.0.8/lib/action_dispatch/middleware/templates/rescues/diagnostics.erb within rescues/layout (23.0ms)


Started GET "/users/new" for 127.0.0.1 at 2017-08-26 21:29:52 -0400
Processing by UsersController#new as HTML
  Rendered users/new.html.erb within layouts/application (44.7ms)
  Rendered layouts/_shim.html.erb (0.3ms)
  Rendered layouts/_header.html.erb (0.6ms)
  Rendered layouts/_footer.html.erb (0.4ms)
Completed 200 OK in 121ms (Views: 120.1ms | ActiveRecord: 0.0ms)


Started GET "/assets/application.css?body=1" for 127.0.0.1 at 2017-08-26 21:29:52 -0400


Started GET "/assets/custom.css?body=1" for 127.0.0.1 at 2017-08-26 21:29:52 -0400


Started GET "/assets/static_pages.css?body=1" for 127.0.0.1 at 2017-08-26 21:29:52 -0400


Started GET "/assets/users.css?body=1" for 127.0.0.1 at 2017-08-26 21:29:52 -0400
